0 verbose cli C:\Program Files\nodejs\node.exe C:\Program Files\nodejs\node_modules\npm\bin\npm-cli.js
1 info using npm@10.9.2
2 info using node@v22.17.1
3 silly config load:file:C:\Program Files\nodejs\node_modules\npm\npmrc
4 silly config load:file:C:\Users\kunal badgujar\Desktop\Projects\AI Path Geneartor\.npmrc
5 silly config load:file:C:\Users\kunal badgujar\.npmrc
6 silly config load:file:C:\Users\kunal badgujar\AppData\Roaming\npm\etc\npmrc
7 verbose title npm install three
8 verbose argv "install" "three" "--cache" ".npm-cache"
9 verbose logfile logs-max:10 dir:C:\Users\kunal badgujar\Desktop\Projects\AI Path Geneartor\.npm-cache\_logs\2026-04-26T17_53_00_345Z-
10 verbose logfile C:\Users\kunal badgujar\Desktop\Projects\AI Path Geneartor\.npm-cache\_logs\2026-04-26T17_53_00_345Z-debug-0.log
11 silly logfile done cleaning log files
12 silly packumentCache heap:4345298944 maxSize:1086324736 maxEntrySize:543162368
13 silly idealTree buildDeps
14 silly fetch manifest three@*
15 silly packumentCache full:https://registry.npmjs.org/three cache-miss
16 http fetch GET 200 https://registry.npmjs.org/three 2430ms (cache miss)
17 silly packumentCache full:https://registry.npmjs.org/three set size:undefined disposed:false
18 silly placeDep ROOT three@0.184.0 OK for: pathforge-ai@1.0.0 want: *
19 silly reify moves {}
20 silly audit bulk request {
20 silly audit   '@alloc/quick-lru': [ '5.2.0' ],
20 silly audit   '@babel/core': [ '7.29.0' ],
20 silly audit   '@babel/code-frame': [ '7.29.0' ],
20 silly audit   '@babel/compat-data': [ '7.29.0' ],
20 silly audit   '@babel/generator': [ '7.29.1' ],
20 silly audit   '@babel/helper-compilation-targets': [ '7.28.6' ],
20 silly audit   '@babel/helper-globals': [ '7.28.0' ],
20 silly audit   '@babel/helper-module-imports': [ '7.28.6' ],
20 silly audit   '@babel/helper-module-transforms': [ '7.28.6' ],
20 silly audit   '@babel/helper-validator-option': [ '7.27.1' ],
20 silly audit   '@babel/helpers': [ '7.29.2' ],
20 silly audit   '@babel/parser': [ '7.29.2' ],
20 silly audit   '@babel/template': [ '7.28.6' ],
20 silly audit   '@babel/traverse': [ '7.29.0' ],
20 silly audit   '@babel/types': [ '7.29.0' ],
20 silly audit   '@jridgewell/gen-mapping': [ '0.3.13' ],
20 silly audit   '@jridgewell/remapping': [ '2.3.5' ],
20 silly audit   '@jridgewell/sourcemap-codec': [ '1.5.5' ],
20 silly audit   '@jridgewell/trace-mapping': [ '0.3.31' ],
20 silly audit   debug: [ '4.4.3' ],
20 silly audit   gensync: [ '1.0.0-beta.2' ],
20 silly audit   json5: [ '2.2.3' ],
20 silly audit   semver: [ '6.3.1' ],
20 silly audit   '@babel/helper-plugin-utils': [ '7.28.6' ],
20 silly audit   '@babel/helper-string-parser': [ '7.27.1' ],
20 silly audit   '@babel/helper-validator-identifier': [ '7.28.5' ],
20 silly audit   '@babel/plugin-transform-react-jsx-self': [ '7.27.1' ],
20 silly audit   '@babel/plugin-transform-react-jsx-source': [ '7.27.1' ],
20 silly audit   '@firebase/ai': [ '1.4.1' ],
20 silly audit   '@firebase/component': [ '0.6.18' ],
20 silly audit   '@firebase/logger': [ '0.4.4' ],
20 silly audit   '@firebase/analytics': [ '0.10.17' ],
20 silly audit   '@firebase/analytics-compat': [ '0.2.23' ],
20 silly audit   '@firebase/analytics-types': [ '0.8.3' ],
20 silly audit   '@firebase/app': [ '0.13.2' ],
20 silly audit   '@firebase/app-check': [ '0.10.1' ],
20 silly audit   '@firebase/app-check-compat': [ '0.3.26' ],
20 silly audit   '@firebase/app-check-interop-types': [ '0.3.3' ],
20 silly audit   '@firebase/app-check-types': [ '0.5.3' ],
20 silly audit   '@firebase/app-compat': [ '0.4.2' ],
20 silly audit   '@firebase/app-types': [ '0.9.3' ],
20 silly audit   idb: [ '7.1.1' ],
20 silly audit   '@firebase/auth-compat': [ '0.5.28' ],
20 silly audit   '@firebase/auth': [ '1.10.8' ],
20 silly audit   '@firebase/auth-interop-types': [ '0.2.4' ],
20 silly audit   '@firebase/auth-types': [ '0.13.0' ],
20 silly audit   '@firebase/data-connect': [ '0.3.10' ],
20 silly audit   '@firebase/database': [ '1.0.20' ],
20 silly audit   '@firebase/database-compat': [ '2.0.11' ],
20 silly audit   '@firebase/database-types': [ '1.0.15' ],
20 silly audit   'faye-websocket': [ '0.11.4' ],
20 silly audit   'websocket-driver': [ '0.7.4' ],
20 silly audit   'websocket-extensions': [ '0.1.4' ],
20 silly audit   '@firebase/firestore': [ '4.8.0' ],
20 silly audit   '@firebase/firestore-compat': [ '0.3.53' ],
20 silly audit   '@firebase/firestore-types': [ '3.0.3' ],
20 silly audit   '@firebase/webchannel-wrapper': [ '1.0.3' ],
20 silly audit   '@grpc/grpc-js': [ '1.9.15' ],
20 silly audit   '@grpc/proto-loader': [ '0.7.15' ],
20 silly audit   cliui: [ '8.0.1' ],
20 silly audit   long: [ '5.3.2' ],
20 silly audit   protobufjs: [ '7.5.5' ],
20 silly audit   y18n: [ '5.0.8' ],
20 silly audit   yargs: [ '17.7.2' ],
20 silly audit   'yargs-parser': [ '21.1.1' ],
20 silly audit   '@firebase/functions': [ '0.12.9' ],
20 silly audit   '@firebase/functions-compat': [ '0.3.26' ],
20 silly audit   '@firebase/functions-types': [ '0.6.3' ],
20 silly audit   '@firebase/installations': [ '0.6.18' ],
20 silly audit   '@firebase/installations-compat': [ '0.2.18' ],
20 silly audit   '@firebase/installations-types': [ '0.5.3' ],
20 silly audit   '@firebase/messaging': [ '0.12.22' ],
20 silly audit   '@firebase/messaging-compat': [ '0.2.22' ],
20 silly audit   '@firebase/messaging-interop-types': [ '0.2.3' ],
20 silly audit   '@firebase/performance': [ '0.7.7' ],
20 silly audit   '@firebase/performance-compat': [ '0.2.20' ],
20 silly audit   '@firebase/performance-types': [ '0.2.3' ],
20 silly audit   'web-vitals': [ '4.2.4' ],
20 silly audit   '@firebase/remote-config': [ '0.6.5' ],
20 silly audit   '@firebase/remote-config-compat': [ '0.2.18' ],
20 silly audit   '@firebase/remote-config-types': [ '0.4.0' ],
20 silly audit   '@firebase/storage': [ '0.13.14' ],
20 silly audit   '@firebase/storage-compat': [ '0.3.24' ],
20 silly audit   '@firebase/storage-types': [ '0.8.3' ],
20 silly audit   '@firebase/util': [ '1.12.1' ],
20 silly audit   '@jridgewell/resolve-uri': [ '3.1.2' ],
20 silly audit   '@protobufjs/aspromise': [ '1.1.2' ],
20 silly audit   '@protobufjs/base64': [ '1.1.2' ],
20 silly audit   '@protobufjs/codegen': [ '2.0.4' ],
20 silly audit   '@protobufjs/eventemitter': [ '1.1.0' ],
20 silly audit   '@protobufjs/fetch': [ '1.1.0' ],
20 silly audit   '@protobufjs/float': [ '1.0.2' ],
20 silly audit   '@protobufjs/inquire': [ '1.1.0' ],
20 silly audit   '@protobufjs/path': [ '1.1.2' ],
20 silly audit   '@protobufjs/pool': [ '1.1.0' ],
20 silly audit   '@protobufjs/utf8': [ '1.1.0' ],
20 silly audit   '@remix-run/router': [ '1.23.2' ],
20 silly audit   '@rolldown/pluginutils': [ '1.0.0-beta.27' ],
20 silly audit   '@rollup/rollup-win32-x64-gnu': [ '4.60.2' ],
20 silly audit   '@types/babel__core': [ '7.20.5' ],
20 silly audit   '@types/babel__generator': [ '7.27.0' ],
20 silly audit   '@types/babel__template': [ '7.4.4' ],
20 silly audit   '@types/babel__traverse': [ '7.28.0' ],
20 silly audit   '@types/d3-array': [ '3.2.2' ],
20 silly audit   '@types/d3-color': [ '3.1.3' ],
20 silly audit   '@types/d3-ease': [ '3.0.2' ],
20 silly audit   '@types/d3-interpolate': [ '3.0.4' ],
20 silly audit   '@types/d3-path': [ '3.1.1' ],
20 silly audit   '@types/d3-time': [ '3.0.4' ],
20 silly audit   '@types/d3-timer': [ '3.0.2' ],
20 silly audit   '@types/estree': [ '1.0.8' ],
20 silly audit   '@types/node': [ '25.6.0' ],
20 silly audit   '@vitejs/plugin-react': [ '4.7.0' ],
20 silly audit   animejs: [ '3.2.2' ],
20 silly audit   'ansi-regex': [ '5.0.1' ],
20 silly audit   'ansi-styles': [ '4.3.0' ],
20 silly audit   'any-promise': [ '1.3.0' ],
20 silly audit   anymatch: [ '3.1.3' ],
20 silly audit   picomatch: [ '2.3.2', '4.0.4' ],
20 silly audit   aos: [ '2.3.4' ],
20 silly audit   arg: [ '5.0.2' ],
20 silly audit   autoprefixer: [ '10.5.0' ],
20 silly audit   'binary-extensions': [ '2.3.0' ],
20 silly audit   browserslist: [ '4.28.2' ],
20 silly audit   'baseline-browser-mapping': [ '2.10.23' ],
20 silly audit   'electron-to-chromium': [ '1.5.344' ],
20 silly audit   'node-releases': [ '2.0.38' ],
20 silly audit   'update-browserslist-db': [ '1.2.3' ],
20 silly audit   'camelcase-css': [ '2.0.1' ],
20 silly audit   'caniuse-lite': [ '1.0.30001791' ],
20 silly audit   chokidar: [ '3.6.0' ],
20 silly audit   braces: [ '3.0.3' ],
20 silly audit   fsevents: [ '2.3.3' ],
20 silly audit   'glob-parent': [ '5.1.2', '6.0.2' ],
20 silly audit   'classlist-polyfill': [ '1.2.0' ],
20 silly audit   clsx: [ '2.1.1' ],
20 silly audit   'color-convert': [ '2.0.1' ],
20 silly audit   'color-name': [ '1.1.4' ],
20 silly audit   commander: [ '4.1.1' ],
20 silly audit   'convert-source-map': [ '2.0.0' ],
20 silly audit   cssesc: [ '3.0.0' ],
20 silly audit   didyoumean: [ '1.2.2' ],
20 silly audit   dlv: [ '1.1.3' ],
20 silly audit   'emoji-regex': [ '8.0.0' ],
20 silly audit   escalade: [ '3.2.0' ],
20 silly audit   eventemitter3: [ '4.0.7' ],
20 silly audit   'fast-glob': [ '3.3.3' ],
20 silly audit   '@nodelib/fs.scandir': [ '2.1.5' ],
20 silly audit   '@nodelib/fs.stat': [ '2.0.5' ],
20 silly audit   '@nodelib/fs.walk': [ '1.2.8' ],
20 silly audit   fastq: [ '1.20.1' ],
20 silly audit   reusify: [ '1.1.0' ],
20 silly audit   'fill-range': [ '7.1.1' ],
20 silly audit   firebase: [ '11.10.0' ],
20 silly audit   'fraction.js': [ '5.3.4' ],
20 silly audit   'framer-motion': [ '11.18.2' ],
20 silly audit   'get-caller-file': [ '2.0.5' ],
20 silly audit   gsap: [ '3.15.0' ],
20 silly audit   'http-parser-js': [ '0.5.10' ],
20 silly audit   internmap: [ '2.0.3' ],
20 silly audit   'is-binary-path': [ '2.1.0' ],
20 silly audit   'is-extglob': [ '2.1.1' ],
20 silly audit   'is-fullwidth-code-point': [ '3.0.0' ],
20 silly audit   'is-glob': [ '4.0.3' ],
20 silly audit   'is-number': [ '7.0.0' ],
20 silly audit   jiti: [ '2.6.1', '1.21.7' ],
20 silly audit   'js-tokens': [ '4.0.0' ],
20 silly audit   jsesc: [ '3.1.0' ],
20 silly audit   lenis: [ '1.3.23' ],
20 silly audit   lilconfig: [ '3.1.3' ],
20 silly audit   'lines-and-columns': [ '1.2.4' ],
20 silly audit   lodash: [ '4.18.1' ],
20 silly audit   'lodash.camelcase': [ '4.3.0' ],
20 silly audit   'lodash.debounce': [ '4.0.8' ],
20 silly audit   'lodash.throttle': [ '4.1.1' ],
20 silly audit   'loose-envify': [ '1.4.0' ],
20 silly audit   'lru-cache': [ '5.1.1' ],
20 silly audit   merge2: [ '1.4.1' ],
20 silly audit   micromatch: [ '4.0.8' ],
20 silly audit   'motion-dom': [ '11.18.1' ],
20 silly audit   'motion-utils': [ '11.18.1' ],
20 silly audit   ms: [ '2.1.3' ],
20 silly audit   mz: [ '2.7.0' ],
20 silly audit   'normalize-path': [ '3.0.0' ],
20 silly audit   'object-assign': [ '4.1.1' ],
20 silly audit   'object-hash': [ '3.0.0' ],
20 silly audit   'path-parse': [ '1.0.7' ],
20 silly audit   picocolors: [ '1.1.1' ],
20 silly audit   pify: [ '2.3.0' ],
20 silly audit   pirates: [ '4.0.7' ],
20 silly audit   postcss: [ '8.5.12' ],
20 silly audit   'postcss-import': [ '15.1.0' ],
20 silly audit   'postcss-js': [ '4.1.0' ],
20 silly audit   'postcss-load-config': [ '6.0.1' ],
20 silly audit   'postcss-nested': [ '6.2.0' ],
20 silly audit   'postcss-selector-parser': [ '6.1.2' ],
20 silly audit   'postcss-value-parser': [ '4.2.0' ],
20 silly audit   nanoid: [ '3.3.11' ],
20 silly audit   'source-map-js': [ '1.2.1' ],
20 silly audit   'queue-microtask': [ '1.2.3' ],
20 silly audit   react: [ '18.3.1' ],
20 silly audit   'react-dom': [ '18.3.1' ],
20 silly audit   scheduler: [ '0.23.2' ],
20 silly audit   'react-is': [ '18.3.1', '16.13.1' ],
20 silly audit   'react-refresh': [ '0.17.0' ],
20 silly audit   'react-router': [ '6.30.3' ],
20 silly audit   'react-router-dom': [ '6.30.3' ],
20 silly audit   'react-smooth': [ '4.0.4' ],
20 silly audit   '@babel/runtime': [ '7.29.2' ],
20 silly audit   csstype: [ '3.2.3' ],
20 silly audit   'dom-helpers': [ '5.2.1' ],
20 silly audit   'fast-equals': [ '5.4.0' ],
20 silly audit   'prop-types': [ '15.8.1' ],
20 silly audit   'react-transition-group': [ '4.4.5' ],
20 silly audit   'read-cache': [ '1.0.0' ],
20 silly audit   readdirp: [ '3.6.0' ],
20 silly audit   recharts: [ '2.15.4' ],
20 silly audit   'recharts-scale': [ '0.4.5' ],
20 silly audit   'decimal.js-light': [ '2.5.1' ],
20 silly audit   'require-directory': [ '2.1.1' ],
20 silly audit   resolve: [ '1.22.12' ],
20 silly audit   'es-errors': [ '1.3.0' ],
20 silly audit   'function-bind': [ '1.1.2' ],
20 silly audit   hasown: [ '2.0.3' ],
20 silly audit   'is-core-module': [ '2.16.1' ],
20 silly audit   'supports-preserve-symlinks-flag': [ '1.0.0' ],
20 silly audit   'run-parallel': [ '1.2.0' ],
20 silly audit   'safe-buffer': [ '5.2.1' ],
20 silly audit   'string-width': [ '4.2.3' ],
20 silly audit   'strip-ansi': [ '6.0.1' ],
20 silly audit   sucrase: [ '3.35.1' ],
20 silly audit   tailwindcss: [ '3.4.19' ],
20 silly audit   thenify: [ '3.3.1' ],
20 silly audit   'thenify-all': [ '1.6.0' ],
20 silly audit   'tiny-invariant': [ '1.3.3' ],
20 silly audit   tinyglobby: [ '0.2.16' ],
20 silly audit   fdir: [ '6.5.0' ],
20 silly audit   'to-regex-range': [ '5.0.1' ],
20 silly audit   'ts-interface-checker': [ '0.1.13' ],
20 silly audit   tslib: [ '2.8.1' ],
20 silly audit   'undici-types': [ '7.19.2' ],
20 silly audit   'util-deprecate': [ '1.0.2' ],
20 silly audit   'victory-vendor': [ '36.9.2' ],
20 silly audit   '@types/d3-scale': [ '4.0.9' ],
20 silly audit   '@types/d3-shape': [ '3.1.8' ],
20 silly audit   'd3-array': [ '3.2.4' ],
20 silly audit   'd3-color': [ '3.1.0' ],
20 silly audit   'd3-ease': [ '3.0.1' ],
20 silly audit   'd3-format': [ '3.1.2' ],
20 silly audit   'd3-interpolate': [ '3.0.1' ],
20 silly audit   'd3-path': [ '3.1.0' ],
20 silly audit   'd3-scale': [ '4.0.2' ],
20 silly audit   'd3-shape': [ '3.2.0' ],
20 silly audit   'd3-time': [ '3.1.0' ],
20 silly audit   'd3-time-format': [ '4.1.0' ],
20 silly audit   'd3-timer': [ '3.0.1' ],
20 silly audit   vite: [ '6.4.2' ],
20 silly audit   '@esbuild/aix-ppc64': [ '0.25.12' ],
20 silly audit   '@esbuild/android-arm': [ '0.25.12' ],
20 silly audit   '@esbuild/android-arm64': [ '0.25.12' ],
20 silly audit   '@esbuild/android-x64': [ '0.25.12' ],
20 silly audit   '@esbuild/darwin-arm64': [ '0.25.12' ],
20 silly audit   '@esbuild/darwin-x64': [ '0.25.12' ],
20 silly audit   '@esbuild/freebsd-arm64': [ '0.25.12' ],
20 silly audit   '@esbuild/freebsd-x64': [ '0.25.12' ],
20 silly audit   '@esbuild/linux-arm': [ '0.25.12' ],
20 silly audit   '@esbuild/linux-arm64': [ '0.25.12' ],
20 silly audit   '@esbuild/linux-ia32': [ '0.25.12' ],
20 silly audit   '@esbuild/linux-loong64': [ '0.25.12' ],
20 silly audit   '@esbuild/linux-mips64el': [ '0.25.12' ],
20 silly audit   '@esbuild/linux-ppc64': [ '0.25.12' ],
20 silly audit   '@esbuild/linux-riscv64': [ '0.25.12' ],
20 silly audit   '@esbuild/linux-s390x': [ '0.25.12' ],
20 silly audit   '@esbuild/linux-x64': [ '0.25.12' ],
20 silly audit   '@esbuild/netbsd-arm64': [ '0.25.12' ],
20 silly audit   '@esbuild/netbsd-x64': [ '0.25.12' ],
20 silly audit   '@esbuild/openbsd-arm64': [ '0.25.12' ],
20 silly audit   '@esbuild/openbsd-x64': [ '0.25.12' ],
20 silly audit   '@esbuild/openharmony-arm64': [ '0.25.12' ],
20 silly audit   '@esbuild/sunos-x64': [ '0.25.12' ],
20 silly audit   '@esbuild/win32-arm64': [ '0.25.12' ],
20 silly audit   '@esbuild/win32-ia32': [ '0.25.12' ],
20 silly audit   '@esbuild/win32-x64': [ '0.25.12' ],
20 silly audit   '@rollup/rollup-android-arm-eabi': [ '4.60.2' ],
20 silly audit   '@rollup/rollup-android-arm64': [ '4.60.2' ],
20 silly audit   '@rollup/rollup-darwin-arm64': [ '4.60.2' ],
20 silly audit   '@rollup/rollup-darwin-x64': [ '4.60.2' ],
20 silly audit   '@rollup/rollup-freebsd-arm64': [ '4.60.2' ],
20 silly audit   '@rollup/rollup-freebsd-x64': [ '4.60.2' ],
20 silly audit   '@rollup/rollup-linux-arm-gnueabihf': [ '4.60.2' ],
20 silly audit   '@rollup/rollup-linux-arm-musleabihf': [ '4.60.2' ],
20 silly audit   '@rollup/rollup-linux-arm64-gnu': [ '4.60.2' ],
20 silly audit   '@rollup/rollup-linux-arm64-musl': [ '4.60.2' ],
20 silly audit   '@rollup/rollup-linux-loong64-gnu': [ '4.60.2' ],
20 silly audit   '@rollup/rollup-linux-loong64-musl': [ '4.60.2' ],
20 silly audit   '@rollup/rollup-linux-ppc64-gnu': [ '4.60.2' ],
20 silly audit   '@rollup/rollup-linux-ppc64-musl': [ '4.60.2' ],
20 silly audit   '@rollup/rollup-linux-riscv64-gnu': [ '4.60.2' ],
20 silly audit   '@rollup/rollup-linux-riscv64-musl': [ '4.60.2' ],
20 silly audit   '@rollup/rollup-linux-s390x-gnu': [ '4.60.2' ],
20 silly audit   '@rollup/rollup-linux-x64-gnu': [ '4.60.2' ],
20 silly audit   '@rollup/rollup-linux-x64-musl': [ '4.60.2' ],
20 silly audit   '@rollup/rollup-openbsd-x64': [ '4.60.2' ],
20 silly audit   '@rollup/rollup-openharmony-arm64': [ '4.60.2' ],
20 silly audit   '@rollup/rollup-win32-arm64-msvc': [ '4.60.2' ],
20 silly audit   '@rollup/rollup-win32-ia32-msvc': [ '4.60.2' ],
20 silly audit   '@rollup/rollup-win32-x64-msvc': [ '4.60.2' ],
20 silly audit   esbuild: [ '0.25.12' ],
20 silly audit   rollup: [ '4.60.2' ],
20 silly audit   'wrap-ansi': [ '7.0.0' ],
20 silly audit   yallist: [ '3.1.1' ],
20 silly audit   three: [ '0.184.0' ]
20 silly audit }
21 verbose reify failed optional dependency C:\Users\kunal badgujar\Desktop\Projects\AI Path Geneartor\node_modules\vite\node_modules\fsevents
22 silly reify mark deleted [
22 silly reify   'C:\\Users\\kunal badgujar\\Desktop\\Projects\\AI Path Geneartor\\node_modules\\vite\\node_modules\\fsevents'
22 silly reify ]
23 verbose reify failed optional dependency C:\Users\kunal badgujar\Desktop\Projects\AI Path Geneartor\node_modules\vite\node_modules\@rollup\rollup-win32-ia32-msvc
24 silly reify mark deleted [
24 silly reify   'C:\\Users\\kunal badgujar\\Desktop\\Projects\\AI Path Geneartor\\node_modules\\vite\\node_modules\\@rollup\\rollup-win32-ia32-msvc'
24 silly reify ]
25 verbose reify failed optional dependency C:\Users\kunal badgujar\Desktop\Projects\AI Path Geneartor\node_modules\vite\node_modules\@rollup\rollup-win32-arm64-msvc
26 silly reify mark deleted [
26 silly reify   'C:\\Users\\kunal badgujar\\Desktop\\Projects\\AI Path Geneartor\\node_modules\\vite\\node_modules\\@rollup\\rollup-win32-arm64-msvc'
26 silly reify ]
27 verbose reify failed optional dependency C:\Users\kunal badgujar\Desktop\Projects\AI Path Geneartor\node_modules\vite\node_modules\@rollup\rollup-openharmony-arm64
28 silly reify mark deleted [
28 silly reify   'C:\\Users\\kunal badgujar\\Desktop\\Projects\\AI Path Geneartor\\node_modules\\vite\\node_modules\\@rollup\\rollup-openharmony-arm64'
28 silly reify ]
29 verbose reify failed optional dependency C:\Users\kunal badgujar\Desktop\Projects\AI Path Geneartor\node_modules\vite\node_modules\@rollup\rollup-openbsd-x64
30 silly reify mark deleted [
30 silly reify   'C:\\Users\\kunal badgujar\\Desktop\\Projects\\AI Path Geneartor\\node_modules\\vite\\node_modules\\@rollup\\rollup-openbsd-x64'
30 silly reify ]
31 verbose reify failed optional dependency C:\Users\kunal badgujar\Desktop\Projects\AI Path Geneartor\node_modules\vite\node_modules\@rollup\rollup-linux-x64-musl
32 silly reify mark deleted [
32 silly reify   'C:\\Users\\kunal badgujar\\Desktop\\Projects\\AI Path Geneartor\\node_modules\\vite\\node_modules\\@rollup\\rollup-linux-x64-musl'
32 silly reify ]
33 verbose reify failed optional dependency C:\Users\kunal badgujar\Desktop\Projects\AI Path Geneartor\node_modules\vite\node_modules\@rollup\rollup-linux-x64-gnu
34 silly reify mark deleted [
34 silly reify   'C:\\Users\\kunal badgujar\\Desktop\\Projects\\AI Path Geneartor\\node_modules\\vite\\node_modules\\@rollup\\rollup-linux-x64-gnu'
34 silly reify ]
35 verbose reify failed optional dependency C:\Users\kunal badgujar\Desktop\Projects\AI Path Geneartor\node_modules\vite\node_modules\@rollup\rollup-linux-s390x-gnu
36 silly reify mark deleted [
36 silly reify   'C:\\Users\\kunal badgujar\\Desktop\\Projects\\AI Path Geneartor\\node_modules\\vite\\node_modules\\@rollup\\rollup-linux-s390x-gnu'
36 silly reify ]
37 verbose reify failed optional dependency C:\Users\kunal badgujar\Desktop\Projects\AI Path Geneartor\node_modules\vite\node_modules\@rollup\rollup-linux-riscv64-musl
38 silly reify mark deleted [
38 silly reify   'C:\\Users\\kunal badgujar\\Desktop\\Projects\\AI Path Geneartor\\node_modules\\vite\\node_modules\\@rollup\\rollup-linux-riscv64-musl'
38 silly reify ]
39 verbose reify failed optional dependency C:\Users\kunal badgujar\Desktop\Projects\AI Path Geneartor\node_modules\vite\node_modules\@rollup\rollup-linux-riscv64-gnu
40 silly reify mark deleted [
40 silly reify   'C:\\Users\\kunal badgujar\\Desktop\\Projects\\AI Path Geneartor\\node_modules\\vite\\node_modules\\@rollup\\rollup-linux-riscv64-gnu'
40 silly reify ]
41 verbose reify failed optional dependency C:\Users\kunal badgujar\Desktop\Projects\AI Path Geneartor\node_modules\vite\node_modules\@rollup\rollup-linux-ppc64-musl
42 silly reify mark deleted [
42 silly reify   'C:\\Users\\kunal badgujar\\Desktop\\Projects\\AI Path Geneartor\\node_modules\\vite\\node_modules\\@rollup\\rollup-linux-ppc64-musl'
42 silly reify ]
43 verbose reify failed optional dependency C:\Users\kunal badgujar\Desktop\Projects\AI Path Geneartor\node_modules\vite\node_modules\@rollup\rollup-linux-ppc64-gnu
44 silly reify mark deleted [
44 silly reify   'C:\\Users\\kunal badgujar\\Desktop\\Projects\\AI Path Geneartor\\node_modules\\vite\\node_modules\\@rollup\\rollup-linux-ppc64-gnu'
44 silly reify ]
45 verbose reify failed optional dependency C:\Users\kunal badgujar\Desktop\Projects\AI Path Geneartor\node_modules\vite\node_modules\@rollup\rollup-linux-loong64-musl
46 silly reify mark deleted [
46 silly reify   'C:\\Users\\kunal badgujar\\Desktop\\Projects\\AI Path Geneartor\\node_modules\\vite\\node_modules\\@rollup\\rollup-linux-loong64-musl'
46 silly reify ]
47 verbose reify failed optional dependency C:\Users\kunal badgujar\Desktop\Projects\AI Path Geneartor\node_modules\vite\node_modules\@rollup\rollup-linux-loong64-gnu
48 silly reify mark deleted [
48 silly reify   'C:\\Users\\kunal badgujar\\Desktop\\Projects\\AI Path Geneartor\\node_modules\\vite\\node_modules\\@rollup\\rollup-linux-loong64-gnu'
48 silly reify ]
49 verbose reify failed optional dependency C:\Users\kunal badgujar\Desktop\Projects\AI Path Geneartor\node_modules\vite\node_modules\@rollup\rollup-linux-arm64-musl
50 silly reify mark deleted [
50 silly reify   'C:\\Users\\kunal badgujar\\Desktop\\Projects\\AI Path Geneartor\\node_modules\\vite\\node_modules\\@rollup\\rollup-linux-arm64-musl'
50 silly reify ]
51 verbose reify failed optional dependency C:\Users\kunal badgujar\Desktop\Projects\AI Path Geneartor\node_modules\vite\node_modules\@rollup\rollup-linux-arm64-gnu
52 silly reify mark deleted [
52 silly reify   'C:\\Users\\kunal badgujar\\Desktop\\Projects\\AI Path Geneartor\\node_modules\\vite\\node_modules\\@rollup\\rollup-linux-arm64-gnu'
52 silly reify ]
53 verbose reify failed optional dependency C:\Users\kunal badgujar\Desktop\Projects\AI Path Geneartor\node_modules\vite\node_modules\@rollup\rollup-linux-arm-musleabihf
54 silly reify mark deleted [
54 silly reify   'C:\\Users\\kunal badgujar\\Desktop\\Projects\\AI Path Geneartor\\node_modules\\vite\\node_modules\\@rollup\\rollup-linux-arm-musleabihf'
54 silly reify ]
55 verbose reify failed optional dependency C:\Users\kunal badgujar\Desktop\Projects\AI Path Geneartor\node_modules\vite\node_modules\@rollup\rollup-linux-arm-gnueabihf
56 silly reify mark deleted [
56 silly reify   'C:\\Users\\kunal badgujar\\Desktop\\Projects\\AI Path Geneartor\\node_modules\\vite\\node_modules\\@rollup\\rollup-linux-arm-gnueabihf'
56 silly reify ]
57 verbose reify failed optional dependency C:\Users\kunal badgujar\Desktop\Projects\AI Path Geneartor\node_modules\vite\node_modules\@rollup\rollup-freebsd-x64
58 silly reify mark deleted [
58 silly reify   'C:\\Users\\kunal badgujar\\Desktop\\Projects\\AI Path Geneartor\\node_modules\\vite\\node_modules\\@rollup\\rollup-freebsd-x64'
58 silly reify ]
59 verbose reify failed optional dependency C:\Users\kunal badgujar\Desktop\Projects\AI Path Geneartor\node_modules\vite\node_modules\@rollup\rollup-freebsd-arm64
60 silly reify mark deleted [
60 silly reify   'C:\\Users\\kunal badgujar\\Desktop\\Projects\\AI Path Geneartor\\node_modules\\vite\\node_modules\\@rollup\\rollup-freebsd-arm64'
60 silly reify ]
61 verbose reify failed optional dependency C:\Users\kunal badgujar\Desktop\Projects\AI Path Geneartor\node_modules\vite\node_modules\@rollup\rollup-darwin-x64
62 silly reify mark deleted [
62 silly reify   'C:\\Users\\kunal badgujar\\Desktop\\Projects\\AI Path Geneartor\\node_modules\\vite\\node_modules\\@rollup\\rollup-darwin-x64'
62 silly reify ]
63 verbose reify failed optional dependency C:\Users\kunal badgujar\Desktop\Projects\AI Path Geneartor\node_modules\vite\node_modules\@rollup\rollup-darwin-arm64
64 silly reify mark deleted [
64 silly reify   'C:\\Users\\kunal badgujar\\Desktop\\Projects\\AI Path Geneartor\\node_modules\\vite\\node_modules\\@rollup\\rollup-darwin-arm64'
64 silly reify ]
65 verbose reify failed optional dependency C:\Users\kunal badgujar\Desktop\Projects\AI Path Geneartor\node_modules\vite\node_modules\@rollup\rollup-android-arm64
66 silly reify mark deleted [
66 silly reify   'C:\\Users\\kunal badgujar\\Desktop\\Projects\\AI Path Geneartor\\node_modules\\vite\\node_modules\\@rollup\\rollup-android-arm64'
66 silly reify ]
67 verbose reify failed optional dependency C:\Users\kunal badgujar\Desktop\Projects\AI Path Geneartor\node_modules\vite\node_modules\@rollup\rollup-android-arm-eabi
68 silly reify mark deleted [
68 silly reify   'C:\\Users\\kunal badgujar\\Desktop\\Projects\\AI Path Geneartor\\node_modules\\vite\\node_modules\\@rollup\\rollup-android-arm-eabi'
68 silly reify ]
69 verbose reify failed optional dependency C:\Users\kunal badgujar\Desktop\Projects\AI Path Geneartor\node_modules\vite\node_modules\@esbuild\win32-ia32
70 silly reify mark deleted [
70 silly reify   'C:\\Users\\kunal badgujar\\Desktop\\Projects\\AI Path Geneartor\\node_modules\\vite\\node_modules\\@esbuild\\win32-ia32'
70 silly reify ]
71 verbose reify failed optional dependency C:\Users\kunal badgujar\Desktop\Projects\AI Path Geneartor\node_modules\vite\node_modules\@esbuild\win32-arm64
72 silly reify mark deleted [
72 silly reify   'C:\\Users\\kunal badgujar\\Desktop\\Projects\\AI Path Geneartor\\node_modules\\vite\\node_modules\\@esbuild\\win32-arm64'
72 silly reify ]
73 verbose reify failed optional dependency C:\Users\kunal badgujar\Desktop\Projects\AI Path Geneartor\node_modules\vite\node_modules\@esbuild\sunos-x64
74 silly reify mark deleted [
74 silly reify   'C:\\Users\\kunal badgujar\\Desktop\\Projects\\AI Path Geneartor\\node_modules\\vite\\node_modules\\@esbuild\\sunos-x64'
74 silly reify ]
75 verbose reify failed optional dependency C:\Users\kunal badgujar\Desktop\Projects\AI Path Geneartor\node_modules\vite\node_modules\@esbuild\openharmony-arm64
76 silly reify mark deleted [
76 silly reify   'C:\\Users\\kunal badgujar\\Desktop\\Projects\\AI Path Geneartor\\node_modules\\vite\\node_modules\\@esbuild\\openharmony-arm64'
76 silly reify ]
77 verbose reify failed optional dependency C:\Users\kunal badgujar\Desktop\Projects\AI Path Geneartor\node_modules\vite\node_modules\@esbuild\openbsd-x64
78 silly reify mark deleted [
78 silly reify   'C:\\Users\\kunal badgujar\\Desktop\\Projects\\AI Path Geneartor\\node_modules\\vite\\node_modules\\@esbuild\\openbsd-x64'
78 silly reify ]
79 verbose reify failed optional dependency C:\Users\kunal badgujar\Desktop\Projects\AI Path Geneartor\node_modules\vite\node_modules\@esbuild\openbsd-arm64
80 silly reify mark deleted [
80 silly reify   'C:\\Users\\kunal badgujar\\Desktop\\Projects\\AI Path Geneartor\\node_modules\\vite\\node_modules\\@esbuild\\openbsd-arm64'
80 silly reify ]
81 verbose reify failed optional dependency C:\Users\kunal badgujar\Desktop\Projects\AI Path Geneartor\node_modules\vite\node_modules\@esbuild\netbsd-x64
82 silly reify mark deleted [
82 silly reify   'C:\\Users\\kunal badgujar\\Desktop\\Projects\\AI Path Geneartor\\node_modules\\vite\\node_modules\\@esbuild\\netbsd-x64'
82 silly reify ]
83 verbose reify failed optional dependency C:\Users\kunal badgujar\Desktop\Projects\AI Path Geneartor\node_modules\vite\node_modules\@esbuild\netbsd-arm64
84 silly reify mark deleted [
84 silly reify   'C:\\Users\\kunal badgujar\\Desktop\\Projects\\AI Path Geneartor\\node_modules\\vite\\node_modules\\@esbuild\\netbsd-arm64'
84 silly reify ]
85 verbose reify failed optional dependency C:\Users\kunal badgujar\Desktop\Projects\AI Path Geneartor\node_modules\vite\node_modules\@esbuild\linux-x64
86 silly reify mark deleted [
86 silly reify   'C:\\Users\\kunal badgujar\\Desktop\\Projects\\AI Path Geneartor\\node_modules\\vite\\node_modules\\@esbuild\\linux-x64'
86 silly reify ]
87 verbose reify failed optional dependency C:\Users\kunal badgujar\Desktop\Projects\AI Path Geneartor\node_modules\vite\node_modules\@esbuild\linux-s390x
88 silly reify mark deleted [
88 silly reify   'C:\\Users\\kunal badgujar\\Desktop\\Projects\\AI Path Geneartor\\node_modules\\vite\\node_modules\\@esbuild\\linux-s390x'
88 silly reify ]
89 verbose reify failed optional dependency C:\Users\kunal badgujar\Desktop\Projects\AI Path Geneartor\node_modules\vite\node_modules\@esbuild\linux-riscv64
90 silly reify mark deleted [
90 silly reify   'C:\\Users\\kunal badgujar\\Desktop\\Projects\\AI Path Geneartor\\node_modules\\vite\\node_modules\\@esbuild\\linux-riscv64'
90 silly reify ]
91 verbose reify failed optional dependency C:\Users\kunal badgujar\Desktop\Projects\AI Path Geneartor\node_modules\vite\node_modules\@esbuild\linux-ppc64
92 silly reify mark deleted [
92 silly reify   'C:\\Users\\kunal badgujar\\Desktop\\Projects\\AI Path Geneartor\\node_modules\\vite\\node_modules\\@esbuild\\linux-ppc64'
92 silly reify ]
93 verbose reify failed optional dependency C:\Users\kunal badgujar\Desktop\Projects\AI Path Geneartor\node_modules\vite\node_modules\@esbuild\linux-mips64el
94 silly reify mark deleted [
94 silly reify   'C:\\Users\\kunal badgujar\\Desktop\\Projects\\AI Path Geneartor\\node_modules\\vite\\node_modules\\@esbuild\\linux-mips64el'
94 silly reify ]
95 verbose reify failed optional dependency C:\Users\kunal badgujar\Desktop\Projects\AI Path Geneartor\node_modules\vite\node_modules\@esbuild\linux-loong64
96 silly reify mark deleted [
96 silly reify   'C:\\Users\\kunal badgujar\\Desktop\\Projects\\AI Path Geneartor\\node_modules\\vite\\node_modules\\@esbuild\\linux-loong64'
96 silly reify ]
97 verbose reify failed optional dependency C:\Users\kunal badgujar\Desktop\Projects\AI Path Geneartor\node_modules\vite\node_modules\@esbuild\linux-ia32
98 silly reify mark deleted [
98 silly reify   'C:\\Users\\kunal badgujar\\Desktop\\Projects\\AI Path Geneartor\\node_modules\\vite\\node_modules\\@esbuild\\linux-ia32'
98 silly reify ]
99 verbose reify failed optional dependency C:\Users\kunal badgujar\Desktop\Projects\AI Path Geneartor\node_modules\vite\node_modules\@esbuild\linux-arm64
100 silly reify mark deleted [
100 silly reify   'C:\\Users\\kunal badgujar\\Desktop\\Projects\\AI Path Geneartor\\node_modules\\vite\\node_modules\\@esbuild\\linux-arm64'
100 silly reify ]
101 verbose reify failed optional dependency C:\Users\kunal badgujar\Desktop\Projects\AI Path Geneartor\node_modules\vite\node_modules\@esbuild\linux-arm
102 silly reify mark deleted [
102 silly reify   'C:\\Users\\kunal badgujar\\Desktop\\Projects\\AI Path Geneartor\\node_modules\\vite\\node_modules\\@esbuild\\linux-arm'
102 silly reify ]
103 verbose reify failed optional dependency C:\Users\kunal badgujar\Desktop\Projects\AI Path Geneartor\node_modules\vite\node_modules\@esbuild\freebsd-x64
104 silly reify mark deleted [
104 silly reify   'C:\\Users\\kunal badgujar\\Desktop\\Projects\\AI Path Geneartor\\node_modules\\vite\\node_modules\\@esbuild\\freebsd-x64'
104 silly reify ]
105 verbose reify failed optional dependency C:\Users\kunal badgujar\Desktop\Projects\AI Path Geneartor\node_modules\vite\node_modules\@esbuild\freebsd-arm64
106 silly reify mark deleted [
106 silly reify   'C:\\Users\\kunal badgujar\\Desktop\\Projects\\AI Path Geneartor\\node_modules\\vite\\node_modules\\@esbuild\\freebsd-arm64'
106 silly reify ]
107 verbose reify failed optional dependency C:\Users\kunal badgujar\Desktop\Projects\AI Path Geneartor\node_modules\vite\node_modules\@esbuild\darwin-x64
108 silly reify mark deleted [
108 silly reify   'C:\\Users\\kunal badgujar\\Desktop\\Projects\\AI Path Geneartor\\node_modules\\vite\\node_modules\\@esbuild\\darwin-x64'
108 silly reify ]
109 verbose reify failed optional dependency C:\Users\kunal badgujar\Desktop\Projects\AI Path Geneartor\node_modules\vite\node_modules\@esbuild\darwin-arm64
110 silly reify mark deleted [
110 silly reify   'C:\\Users\\kunal badgujar\\Desktop\\Projects\\AI Path Geneartor\\node_modules\\vite\\node_modules\\@esbuild\\darwin-arm64'
110 silly reify ]
111 verbose reify failed optional dependency C:\Users\kunal badgujar\Desktop\Projects\AI Path Geneartor\node_modules\vite\node_modules\@esbuild\android-x64
112 silly reify mark deleted [
112 silly reify   'C:\\Users\\kunal badgujar\\Desktop\\Projects\\AI Path Geneartor\\node_modules\\vite\\node_modules\\@esbuild\\android-x64'
112 silly reify ]
113 verbose reify failed optional dependency C:\Users\kunal badgujar\Desktop\Projects\AI Path Geneartor\node_modules\vite\node_modules\@esbuild\android-arm64
114 silly reify mark deleted [
114 silly reify   'C:\\Users\\kunal badgujar\\Desktop\\Projects\\AI Path Geneartor\\node_modules\\vite\\node_modules\\@esbuild\\android-arm64'
114 silly reify ]
115 verbose reify failed optional dependency C:\Users\kunal badgujar\Desktop\Projects\AI Path Geneartor\node_modules\vite\node_modules\@esbuild\android-arm
116 silly reify mark deleted [
116 silly reify   'C:\\Users\\kunal badgujar\\Desktop\\Projects\\AI Path Geneartor\\node_modules\\vite\\node_modules\\@esbuild\\android-arm'
116 silly reify ]
117 verbose reify failed optional dependency C:\Users\kunal badgujar\Desktop\Projects\AI Path Geneartor\node_modules\vite\node_modules\@esbuild\aix-ppc64
118 silly reify mark deleted [
118 silly reify   'C:\\Users\\kunal badgujar\\Desktop\\Projects\\AI Path Geneartor\\node_modules\\vite\\node_modules\\@esbuild\\aix-ppc64'
118 silly reify ]
119 verbose reify failed optional dependency C:\Users\kunal badgujar\Desktop\Projects\AI Path Geneartor\node_modules\chokidar\node_modules\fsevents
120 silly reify mark deleted [
120 silly reify   'C:\\Users\\kunal badgujar\\Desktop\\Projects\\AI Path Geneartor\\node_modules\\chokidar\\node_modules\\fsevents'
120 silly reify ]
121 http cache three@https://registry.npmjs.org/three/-/three-0.184.0.tgz 0ms (cache hit)
122 silly tarball no local data for three@https://registry.npmjs.org/three/-/three-0.184.0.tgz. Extracting by manifest.
123 http fetch POST 200 https://registry.npmjs.org/-/npm/v1/security/advisories/bulk 388ms
124 silly audit report {}
125 http fetch GET 200 https://registry.npmjs.org/three/-/three-0.184.0.tgz 21942ms (cache miss)
126 silly ADD node_modules/three
127 silly ADD
128 silly ADD
129 silly ADD
130 silly ADD
131 silly ADD
132 silly ADD
133 silly ADD
134 silly ADD
135 silly ADD
136 silly ADD
137 silly ADD
138 silly ADD
139 silly ADD
140 silly ADD
141 silly ADD
142 silly ADD
143 silly ADD
144 silly ADD
145 silly ADD
146 silly ADD
147 silly ADD
148 silly ADD
149 silly ADD
150 silly ADD
151 silly ADD
152 silly ADD
153 silly ADD
154 silly ADD
155 silly ADD
156 silly ADD
157 silly ADD
158 silly ADD
159 silly ADD
160 silly ADD
161 silly ADD
162 silly ADD
163 silly ADD
164 silly ADD
165 silly ADD
166 silly ADD
167 silly ADD
168 silly ADD
169 silly ADD
170 silly ADD
171 silly ADD
172 silly ADD
173 silly ADD
174 silly ADD
175 silly ADD
176 silly ADD
177 verbose cwd C:\Users\kunal badgujar\Desktop\Projects\AI Path Geneartor
178 verbose os Windows_NT 10.0.26200
179 verbose node v22.17.1
180 verbose npm  v10.9.2
181 verbose exit 0
182 info ok
